example/build/app/intermediates/manifest_merge_blame_file/debug/manifest-merger-blame-debug-report.txt
1<?xml version="1.0" encoding="utf-8"?>
2<manifest xmlns:android="http://schemas.android.com/apk/res/android"
3    package="io.flutter.plugins.localauthexample"
4    android:versionCode="1"
5    android:versionName="1.0" >
6
7    <uses-sdk
8        android:minSdkVersion="16"
8-->src/main/AndroidManifest.xml
9        android:targetSdkVersion="28" />
9-->src/main/AndroidManifest.xml
10
11    <uses-permission android:name="android.permission.INTERNET" />
11-->src/main/AndroidManifest.xml:4:5-66
11-->src/main/AndroidManifest.xml:4:22-64
12    <uses-permission android:name="android.permission.USE_FINGERPRINT" />
12-->src/main/AndroidManifest.xml:5:5-73
12-->src/main/AndroidManifest.xml:5:22-71
13    <uses-permission android:name="android.permission.USE_BIOMETRIC" />
13-->[androidx.biometric:biometric:1.1.0] AndroidManifest.xml:24:5-72
13-->[androidx.biometric:biometric:1.1.0] AndroidManifest.xml:24:22-69
14
15    <application
15-->src/main/AndroidManifest.xml:7:5-20:19
16        android:appComponentFactory="androidx.core.app.CoreComponentFactory"
16-->[androidx.core:core:1.6.0] AndroidManifest.xml:24:18-86
17        android:debuggable="true"
18        android:icon="@mipmap/ic_launcher"
18-->src/main/AndroidManifest.xml:7:53-87
19        android:label="local_auth_example" >
19-->src/main/AndroidManifest.xml:7:18-52
20        <activity
20-->src/main/AndroidManifest.xml:8:9-18:20
21            android:name="io.flutter.embedding.android.FlutterFragmentActivity"
21-->src/main/AndroidManifest.xml:8:19-86
22            android:configChanges="orientation|keyboardHidden|keyboard|screenSize|locale|layoutDirection"
22-->src/main/AndroidManifest.xml:11:19-112
23            android:hardwareAccelerated="true"
23-->src/main/AndroidManifest.xml:12:19-53
24            android:launchMode="singleTop"
24-->src/main/AndroidManifest.xml:9:19-49
25            android:theme="@style/Theme.AppCompat.Light"
25-->src/main/AndroidManifest.xml:10:19-63
26            android:windowSoftInputMode="adjustResize" >
26-->src/main/AndroidManifest.xml:13:19-61
27            <intent-filter>
27-->src/main/AndroidManifest.xml:14:13-17:29
28                <action android:name="android.intent.action.MAIN" />
28-->src/main/AndroidManifest.xml:15:17-68
28-->src/main/AndroidManifest.xml:15:25-66
29
30                <category android:name="android.intent.category.LAUNCHER" />
30-->src/main/AndroidManifest.xml:16:17-76
30-->src/main/AndroidManifest.xml:16:27-74
31            </intent-filter>
32        </activity>
33
34        <meta-data
34-->src/main/AndroidManifest.xml:19:9-71
35            android:name="flutterEmbedding"
35-->src/main/AndroidManifest.xml:19:20-51
36            android:value="2" />
36-->src/main/AndroidManifest.xml:19:52-69
37
38        <uses-library
38-->[androidx.window:window:1.0.0-beta04] AndroidManifest.xml:25:9-27:40
39            android:name="androidx.window.extensions"
39-->[androidx.window:window:1.0.0-beta04] AndroidManifest.xml:26:13-54
40            android:required="false" />
40-->[androidx.window:window:1.0.0-beta04] AndroidManifest.xml:27:13-37
41        <uses-library
41-->[androidx.window:window:1.0.0-beta04] AndroidManifest.xml:28:9-30:40
42            android:name="androidx.window.sidecar"
42-->[androidx.window:window:1.0.0-beta04] AndroidManifest.xml:29:13-51
43            android:required="false" />
43-->[androidx.window:window:1.0.0-beta04] AndroidManifest.xml:30:13-37
44    </application>
45
46</manifest>